<?xml version="1.0" encoding="UTF-8"?>
<testsuite name="com.example.project.TestFibonacci" tests="5" skipped="0" failures="0" errors="0" timestamp="2025-01-10T17:33:29" hostname="codespaces-4004b4" time="0.286">
  <properties/>
  <testcase name="testGetIndexOf()" classname="com.example.project.TestFibonacci" time="0.114"/>
  <testcase name="testGetSequence()" classname="com.example.project.TestFibonacci" time="0.007"/>
  <testcase name="testExtendBy()" classname="com.example.project.TestFibonacci" time="0.005"/>
  <testcase name="testFibonacciString()" classname="com.example.project.TestFibonacci" time="0.106"/>
  <testcase name="testConstructor()" classname="com.example.project.TestFibonacci" time="0.003"/>
  <system-out><![CDATA[]]></system-out>
  <system-err><![CDATA[]]></system-err>
</testsuite>
