<?xml version="1.0" encoding="UTF-8"?>
<testsuite name="com.example.project.TestHorseBarn" tests="4" skipped="0" failures="0" errors="0" timestamp="2025-01-10T17:31:11" hostname="codespaces-4004b4" time="0.076">
  <properties/>
  <testcase name="testHorseBarnConstructorAndGetStalls()" classname="com.example.project.TestHorseBarn" time="0.02"/>
  <testcase name="testPlaceHorseAndFindHorseStall()" classname="com.example.project.TestHorseBarn" time="0.007"/>
  <testcase name="testHorseBarnInfo()" classname="com.example.project.TestHorseBarn" time="0.039"/>
  <testcase name="testConsolidate()" classname="com.example.project.TestHorseBarn" time="0.003"/>
  <system-out><![CDATA[]]></system-out>
  <system-err><![CDATA[]]></system-err>
</testsuite>
