<?xml version="1.0" encoding="UTF-8"?>
<testsuite name="com.example.project.TestHorseBarn" tests="4" skipped="0" failures="0" errors="0" timestamp="2025-01-10T17:33:29" hostname="codespaces-4004b4" time="0.172">
  <properties/>
  <testcase name="testHorseBarnConstructorAndGetStalls()" classname="com.example.project.TestHorseBarn" time="0.008"/>
  <testcase name="testPlaceHorseAndFindHorseStall()" classname="com.example.project.TestHorseBarn" time="0.006"/>
  <testcase name="testHorseBarnInfo()" classname="com.example.project.TestHorseBarn" time="0.132"/>
  <testcase name="testConsolidate()" classname="com.example.project.TestHorseBarn" time="0.009"/>
  <system-out><![CDATA[]]></system-out>
  <system-err><![CDATA[]]></system-err>
</testsuite>
